<?xml version="1.0" encoding="UTF-8" ?>
<testsuite errors="0" failures="5" hostname="HEN12" name="projecttrack1.TaskControllerTests" tests="8" time="0.804" timestamp="2013-10-30T01:17:12">
  <properties />
  <testcase classname="projecttrack1.TaskControllerTests" name="testDelete" time="0.313">
    <failure message="Assertion failed: &#xa;&#xa;assert task.save() != null&#xa;       |    |      |&#xa;       |    null   false&#xa;       projecttrack1.Task : (unsaved)&#xa;" type="junit.framework.AssertionFailedError">junit.framework.AssertionFailedError: Assertion failed: 

assert task.save() != null
       |    |      |
       |    null   false
       projecttrack1.Task : (unsaved)

	at projecttrack1.TaskControllerTests.testDelete(TaskControllerTests.groovy:144)
</failure>
  </testcase>
  <testcase classname="projecttrack1.TaskControllerTests" name="testUpdate" time="0.062">
    <failure message="Assertion failed: &#xa;&#xa;assert task.save() != null&#xa;       |    |      |&#xa;       |    null   false&#xa;       projecttrack1.Task : (unsaved)&#xa;" type="junit.framework.AssertionFailedError">junit.framework.AssertionFailedError: Assertion failed: 

assert task.save() != null
       |    |      |
       |    null   false
       projecttrack1.Task : (unsaved)

	at projecttrack1.TaskControllerTests.testUpdate(TaskControllerTests.groovy:100)
</failure>
  </testcase>
  <testcase classname="projecttrack1.TaskControllerTests" name="testEdit" time="0.054">
    <failure message="Assertion failed: &#xa;&#xa;assert task.save() != null&#xa;       |    |      |&#xa;       |    null   false&#xa;       projecttrack1.Task : (unsaved)&#xa;" type="junit.framework.AssertionFailedError">junit.framework.AssertionFailedError: Assertion failed: 

assert task.save() != null
       |    |      |
       |    null   false
       projecttrack1.Task : (unsaved)

	at projecttrack1.TaskControllerTests.testEdit(TaskControllerTests.groovy:80)
</failure>
  </testcase>
  <testcase classname="projecttrack1.TaskControllerTests" name="testSave" time="0.063">
    <failure message="Assertion failed: &#xa;&#xa;assert response.redirectedUrl == &apos;/task/show/1&apos;&#xa;       |        |             |&#xa;       |        null          false&#xa;       org.codehaus.groovy.grails.plugins.testing.GrailsMockHttpServletResponse@5dd999a3&#xa;" type="junit.framework.AssertionFailedError">junit.framework.AssertionFailedError: Assertion failed: 

assert response.redirectedUrl == &apos;/task/show/1&apos;
       |        |             |
       |        null          false
       org.codehaus.groovy.grails.plugins.testing.GrailsMockHttpServletResponse@5dd999a3

	at projecttrack1.TaskControllerTests.testSave(TaskControllerTests.groovy:48)
</failure>
  </testcase>
  <testcase classname="projecttrack1.TaskControllerTests" name="testCreate" time="0.062" />
  <testcase classname="projecttrack1.TaskControllerTests" name="testList" time="0.047" />
  <testcase classname="projecttrack1.TaskControllerTests" name="testShow" time="0.062">
    <failure message="Assertion failed: &#xa;&#xa;assert task.save() != null&#xa;       |    |      |&#xa;       |    null   false&#xa;       projecttrack1.Task : (unsaved)&#xa;" type="junit.framework.AssertionFailedError">junit.framework.AssertionFailedError: Assertion failed: 

assert task.save() != null
       |    |      |
       |    null   false
       projecttrack1.Task : (unsaved)

	at projecttrack1.TaskControllerTests.testShow(TaskControllerTests.groovy:62)
</failure>
  </testcase>
  <testcase classname="projecttrack1.TaskControllerTests" name="testIndex" time="0.063" />
  <system-out><![CDATA[--Output from testDelete--
--Output from testUpdate--
--Output from testEdit--
--Output from testSave--
--Output from testCreate--
--Output from testList--
--Output from testShow--
--Output from testIndex--
]]></system-out>
  <system-err><![CDATA[--Output from testDelete--
--Output from testUpdate--
--Output from testEdit--
--Output from testSave--
--Output from testCreate--
--Output from testList--
--Output from testShow--
--Output from testIndex--
]]></system-err>
</testsuite>
