<?xml version="1.0" encoding="UTF-8" ?>
<testsuites>
  <testsuite errors="0" failures="1" hostname="HEN12" id="0" name="ListProjectsControllerTests" package="projecttracker" tests="1" time="1.939" timestamp="2013-10-22T22:43:26">
      <properties />

      <testcase classname="projecttracker.ListProjectsControllerTests" name="testSomething" time="1.688">
          <failure message="junit.framework.AssertionFailedError: Implement me" type="junit.framework.AssertionFailedError">junit.framework.AssertionFailedError: junit.framework.AssertionFailedError: Implement me
	at projecttracker.ListProjectsControllerTests.testSomething(ListProjectsControllerTests.groovy:15)
</failure>

      </testcase>

      <system-out><![CDATA[--Output from testSomething--
]]></system-out>

      <system-err><![CDATA[--Output from testSomething--
]]></system-err>

  </testsuite>
  <testsuite errors="0" failures="1" hostname="HEN12" id="1" name="ListProjectsTests" package="projecttracker" tests="1" time="0.5" timestamp="2013-10-22T22:43:28">
      <properties />

      <testcase classname="projecttracker.ListProjectsTests" name="testSomething" time="0.485">
          <failure message="junit.framework.AssertionFailedError: Implement me" type="junit.framework.AssertionFailedError">junit.framework.AssertionFailedError: junit.framework.AssertionFailedError: Implement me
	at projecttracker.ListProjectsTests.testSomething(ListProjectsTests.groovy:15)
</failure>

      </testcase>

      <system-out><![CDATA[--Output from testSomething--
]]></system-out>

      <system-err><![CDATA[--Output from testSomething--
]]></system-err>

  </testsuite>
</testsuites>
